<?xml version="1.0" encoding="UTF-8"?>
<!-- Generated by org.testng.reporters.JUnitReportReporter -->
<testsuite skipped="0" hostname="DESKTOP-B3EVEU1" name="pom.LoginTest" tests="1" failures="0" timestamp="2020-08-11T10:29:45 IST" time="45.900" errors="0">
  <testcase name="validateTest" time="45.900" classname="pom.LoginTest"/>
  <system-out/>
</testsuite> <!-- pom.LoginTest -->
