<?xml version="1.0" encoding="UTF-8"?>
<!-- Generated by org.testng.reporters.JUnitReportReporter -->
<testsuite skipped="0" hostname="DESKTOP-B3EVEU1" name="testngg.Excel" tests="1" failures="0" timestamp="2020-07-23T21:13:46 IST" time="0.915" errors="0">
  <testcase name="readData" time="0.915" classname="testngg.Excel"/>
  <system-out/>
</testsuite> <!-- testngg.Excel -->
