<?xml version="1.0" encoding="UTF-8"?>
<!-- Generated by org.testng.reporters.JUnitReportReporter -->
<testsuite skipped="0" hostname="DESKTOP-B3EVEU1" name="testngg.Demo1" tests="3" failures="0" timestamp="2020-07-22T10:41:12 IST" time="0.032" errors="0">
  <testcase name="test2" time="0.003" classname="testngg.Demo1"/>
  <system-out/>
  <testcase name="test" time="0.027" classname="testngg.Demo1"/>
  <system-out/>
  <testcase name="test3" time="0.002" classname="testngg.Demo1"/>
  <system-out/>
</testsuite> <!-- testngg.Demo1 -->
