<?xml version="1.0" encoding="UTF-8"?>
<!-- Generated by org.testng.reporters.JUnitReportReporter -->
<testsuite skipped="0" hostname="DESKTOP-B3EVEU1" name="testngg.Tryannotation" tests="1" failures="0" timestamp="2020-07-24T15:13:23 IST" time="1.048" errors="0">
  <testcase name="readData" time="1.048" classname="testngg.Tryannotation"/>
  <system-out/>
</testsuite> <!-- testngg.Tryannotation -->
